Magic happens on port 8089
getTimePeriods
getMessagesByClient
CONSP_ObtenerPeriodoTiempoXEntidad
SENSP_ConfirmarMensajes
undefined
[ returnValue: 0 ]
getProductsByClient
PM_getProductsWithRulesByClient
PM_getRulesByProduct
Magic happens on port 8089
Magic happens on port 8089
getMessagesByClient
getTimePeriods
CONSP_ObtenerPeriodoTiempoXEntidad
fianning
<Mensaje id="40563" estado="Entregado"/><Mensaje id="40609" estado="Entregado"/>
SENSP_ConfirmarMensajes
[ returnValue: 0 ]
getProductsByClient
PM_getProductsWithRulesByClient
PM_getRulesByProduct
SENSP_ActualizarReglasXCliente
getProductsByClient
PM_getProductsWithRulesByClient
PM_getRulesByProduct
getProductsByClient
PM_getProductsWithRulesByClient
PM_getRulesByProduct
SENSP_ActualizarReglasXCliente
getProductsByClient
PM_getProductsWithRulesByClient
PM_getRulesByProduct
getTimePeriods
getMessagesByClient
CONSP_ObtenerPeriodoTiempoXEntidad
fianning

SENSP_ConfirmarMensajes
[ returnValue: 0 ]
getProductsByClient
PM_getProductsWithRulesByClient
Magic happens on port 8089
Magic happens on port 8089
Magic happens on port 8089
Magic happens on port 8089
Magic happens on port 8089
Magic happens on port 8089
Magic happens on port 8089
Magic happens on port 8089
Magic happens on port 8089
Magic happens on port 8089
Magic happens on port 8089
Magic happens on port 8089
Magic happens on port 8089
Magic happens on port 8089
Magic happens on port 8089
Magic happens on port 8089
Magic happens on port 8089
getTimePeriods
getMessagesByClient
CONSP_ObtenerPeriodoTiempoXEntidad
a
899999B

SENSP_ConfirmarMensajes
[ returnValue: 0 ]
Magic happens on port 8089
Magic happens on port 8089
getTimePeriods
getMessagesByClient
CONSP_ObtenerPeriodoTiempoXEntidad
a
1286
<Mensaje id="41244" estado="Entregado"/><Mensaje id="41309" estado="Entregado"/><Mensaje id="41324" estado="Entregado"/><Mensaje id="41366" estado="Entregado"/>
SENSP_ConfirmarMensajes
[ returnValue: 0 ]
Magic happens on port 8089
Magic happens on port 8089
Magic happens on port 8089
Magic happens on port 8089
Magic happens on port 8089
Magic happens on port 8089
getTimePeriods
getMessagesByClient
CONSP_ObtenerPeriodoTiempoXEntidad
a
899999B

SENSP_ConfirmarMensajes
[ returnValue: 0 ]
getProductsByClient
PM_getProductsWithRulesByClient
getTimePeriods
getMessagesByClient
Magic happens on port 8089
Magic happens on port 8089
Magic happens on port 8089
Magic happens on port 8089
Magic happens on port 8089
Magic happens on port 8089
Magic happens on port 8089
Magic happens on port 8089
Magic happens on port 8089
Magic happens on port 8089
