
module.js:485
    throw err;
          ^
SyntaxError: C:\NodeJSProject\apprizmovil\Schemas\SchemaSecretKey.json: Unexpected token #
    at Object.parse (native)
    at Object.Module._extensions..json (module.js:482:27)
    at Module.load (module.js:356:32)
    at Function.Module._load (module.js:312:12)
    at Module.require (module.js:364:17)
    at require (module.js:380:17)
    at Object.<anonymous> (C:\NodeJSProject\apprizmovil\api.js:78:21)
    at Module._compile (module.js:456:26)
    at Object.Module._extensions..js (module.js:474:10)
    at Module.load (module.js:356:32)

events.js:72
        throw er; // Unhandled 'error' event
              ^
ConnectionError: Failed to connect to testingdb.cioginbczsdw.us-east-1.rds.amazonaws.com:1433 - read ECONNRESET
    at Connection.socketError (C:\NodeJSProject\node_modules\mssql\node_modules\tedious\lib\connection.js:620:26)
    at Socket.<anonymous> (C:\NodeJSProject\node_modules\mssql\node_modules\tedious\lib\connection.js:3:59)
    at Socket.EventEmitter.emit (events.js:95:17)
    at net.js:441:14
    at process._tickCallback (node.js:415:13)

fs.js:427
  return binding.open(pathModule._makeLong(path), stringToFlags(flags), mode);
                 ^
Error: ENOENT, no such file or directory 'C:\WINDOWS\system32\Certs\server.key'
    at Object.fs.openSync (fs.js:427:18)
    at Object.fs.readFileSync (fs.js:284:15)
    at Object.<anonymous> (C:\NodeJSProject\apprizmovil\api.js:46:11)
    at Module._compile (module.js:456:26)
    at Object.Module._extensions..js (module.js:474:10)
    at Module.load (module.js:356:32)
    at Function.Module._load (module.js:312:12)
    at Function.Module.runMain (module.js:497:10)
    at startup (node.js:119:16)
    at node.js:901:3

fs.js:427
  return binding.open(pathModule._makeLong(path), stringToFlags(flags), mode);
                 ^
Error: ENOENT, no such file or directory 'C:\WINDOWS\system32\Certs\server.key'
    at Object.fs.openSync (fs.js:427:18)
    at Object.fs.readFileSync (fs.js:284:15)
    at Object.<anonymous> (C:\NodeJSProject\apprizmovil\api.js:46:11)
    at Module._compile (module.js:456:26)
    at Object.Module._extensions..js (module.js:474:10)
    at Module.load (module.js:356:32)
    at Function.Module._load (module.js:312:12)
    at Function.Module.runMain (module.js:497:10)
    at startup (node.js:119:16)
    at node.js:901:3

fs.js:427
  return binding.open(pathModule._makeLong(path), stringToFlags(flags), mode);
                 ^
Error: ENOENT, no such file or directory 'C:\WINDOWS\system32\Certs\server.key'
    at Object.fs.openSync (fs.js:427:18)
    at Object.fs.readFileSync (fs.js:284:15)
    at Object.<anonymous> (C:\NodeJSProject\apprizmovil\api.js:46:11)
    at Module._compile (module.js:456:26)
    at Object.Module._extensions..js (module.js:474:10)
    at Module.load (module.js:356:32)
    at Function.Module._load (module.js:312:12)
    at Function.Module.runMain (module.js:497:10)
    at startup (node.js:119:16)
    at node.js:901:3

fs.js:427
  return binding.open(pathModule._makeLong(path), stringToFlags(flags), mode);
                 ^
Error: ENOENT, no such file or directory 'C:\WINDOWS\system32\Certs\server.key'
    at Object.fs.openSync (fs.js:427:18)
    at Object.fs.readFileSync (fs.js:284:15)
    at Object.<anonymous> (C:\NodeJSProject\apprizmovil\api.js:46:11)
    at Module._compile (module.js:456:26)
    at Object.Module._extensions..js (module.js:474:10)
    at Module.load (module.js:356:32)
    at Function.Module._load (module.js:312:12)
    at Function.Module.runMain (module.js:497:10)
    at startup (node.js:119:16)
    at node.js:901:3

fs.js:427
  return binding.open(pathModule._makeLong(path), stringToFlags(flags), mode);
                 ^
Error: ENOENT, no such file or directory 'C:\WINDOWS\system32\Certs\server.key'
    at Object.fs.openSync (fs.js:427:18)
    at Object.fs.readFileSync (fs.js:284:15)
    at Object.<anonymous> (C:\NodeJSProject\apprizmovil\api.js:46:11)
    at Module._compile (module.js:456:26)
    at Object.Module._extensions..js (module.js:474:10)
    at Module.load (module.js:356:32)
    at Function.Module._load (module.js:312:12)
    at Function.Module.runMain (module.js:497:10)
    at startup (node.js:119:16)
    at node.js:901:3

fs.js:427
  return binding.open(pathModule._makeLong(path), stringToFlags(flags), mode);
                 ^
Error: ENOENT, no such file or directory 'C:\WINDOWS\system32\Certs\server.key'
    at Object.fs.openSync (fs.js:427:18)
    at Object.fs.readFileSync (fs.js:284:15)
    at Object.<anonymous> (C:\NodeJSProject\apprizmovil\api.js:46:11)
    at Module._compile (module.js:456:26)
    at Object.Module._extensions..js (module.js:474:10)
    at Module.load (module.js:356:32)
    at Function.Module._load (module.js:312:12)
    at Function.Module.runMain (module.js:497:10)
    at startup (node.js:119:16)
    at node.js:901:3

fs.js:427
  return binding.open(pathModule._makeLong(path), stringToFlags(flags), mode);
                 ^
Error: ENOENT, no such file or directory 'C:\WINDOWS\system32\Certs\server.key'
    at Object.fs.openSync (fs.js:427:18)
    at Object.fs.readFileSync (fs.js:284:15)
    at Object.<anonymous> (C:\NodeJSProject\apprizmovil\api.js:46:11)
    at Module._compile (module.js:456:26)
    at Object.Module._extensions..js (module.js:474:10)
    at Module.load (module.js:356:32)
    at Function.Module._load (module.js:312:12)
    at Function.Module.runMain (module.js:497:10)
    at startup (node.js:119:16)
    at node.js:901:3

fs.js:427
  return binding.open(pathModule._makeLong(path), stringToFlags(flags), mode);
                 ^
Error: ENOENT, no such file or directory 'C:\WINDOWS\system32\Certs\server.key'
    at Object.fs.openSync (fs.js:427:18)
    at Object.fs.readFileSync (fs.js:284:15)
    at Object.<anonymous> (C:\NodeJSProject\apprizmovil\api.js:46:11)
    at Module._compile (module.js:456:26)
    at Object.Module._extensions..js (module.js:474:10)
    at Module.load (module.js:356:32)
    at Function.Module._load (module.js:312:12)
    at Function.Module.runMain (module.js:497:10)
    at startup (node.js:119:16)
    at node.js:901:3

fs.js:427
  return binding.open(pathModule._makeLong(path), stringToFlags(flags), mode);
                 ^
Error: ENOENT, no such file or directory 'C:\WINDOWS\system32\Certs\server.key'
    at Object.fs.openSync (fs.js:427:18)
    at Object.fs.readFileSync (fs.js:284:15)
    at Object.<anonymous> (C:\NodeJSProject\apprizmovil\api.js:46:11)
    at Module._compile (module.js:456:26)
    at Object.Module._extensions..js (module.js:474:10)
    at Module.load (module.js:356:32)
    at Function.Module._load (module.js:312:12)
    at Function.Module.runMain (module.js:497:10)
    at startup (node.js:119:16)
    at node.js:901:3

fs.js:427
  return binding.open(pathModule._makeLong(path), stringToFlags(flags), mode);
                 ^
Error: ENOENT, no such file or directory 'C:\WINDOWS\system32\Certs\server.key'
    at Object.fs.openSync (fs.js:427:18)
    at Object.fs.readFileSync (fs.js:284:15)
    at Object.<anonymous> (C:\NodeJSProject\apprizmovil\api.js:46:11)
    at Module._compile (module.js:456:26)
    at Object.Module._extensions..js (module.js:474:10)
    at Module.load (module.js:356:32)
    at Function.Module._load (module.js:312:12)
    at Function.Module.runMain (module.js:497:10)
    at startup (node.js:119:16)
    at node.js:901:3

fs.js:427
  return binding.open(pathModule._makeLong(path), stringToFlags(flags), mode);
                 ^
Error: ENOENT, no such file or directory 'C:\WINDOWS\system32\Certs\server.key'
    at Object.fs.openSync (fs.js:427:18)
    at Object.fs.readFileSync (fs.js:284:15)
    at Object.<anonymous> (C:\NodeJSProject\apprizmovil\api.js:46:11)
    at Module._compile (module.js:456:26)
    at Object.Module._extensions..js (module.js:474:10)
    at Module.load (module.js:356:32)
    at Function.Module._load (module.js:312:12)
    at Function.Module.runMain (module.js:497:10)
    at startup (node.js:119:16)
    at node.js:901:3

fs.js:427
  return binding.open(pathModule._makeLong(path), stringToFlags(flags), mode);
                 ^
Error: ENOENT, no such file or directory 'C:\WINDOWS\system32\Certs\server.key'
    at Object.fs.openSync (fs.js:427:18)
    at Object.fs.readFileSync (fs.js:284:15)
    at Object.<anonymous> (C:\NodeJSProject\apprizmovil\api.js:46:11)
    at Module._compile (module.js:456:26)
    at Object.Module._extensions..js (module.js:474:10)
    at Module.load (module.js:356:32)
    at Function.Module._load (module.js:312:12)
    at Function.Module.runMain (module.js:497:10)
    at startup (node.js:119:16)
    at node.js:901:3

fs.js:427
  return binding.open(pathModule._makeLong(path), stringToFlags(flags), mode);
                 ^
Error: ENOENT, no such file or directory 'C:\WINDOWS\system32\Certs\server.key'
    at Object.fs.openSync (fs.js:427:18)
    at Object.fs.readFileSync (fs.js:284:15)
    at Object.<anonymous> (C:\NodeJSProject\apprizmovil\api.js:46:11)
    at Module._compile (module.js:456:26)
    at Object.Module._extensions..js (module.js:474:10)
    at Module.load (module.js:356:32)
    at Function.Module._load (module.js:312:12)
    at Function.Module.runMain (module.js:497:10)
    at startup (node.js:119:16)
    at node.js:901:3

fs.js:427
  return binding.open(pathModule._makeLong(path), stringToFlags(flags), mode);
                 ^
Error: ENOENT, no such file or directory 'C:\WINDOWS\system32\Certs\server.key'
    at Object.fs.openSync (fs.js:427:18)
    at Object.fs.readFileSync (fs.js:284:15)
    at Object.<anonymous> (C:\NodeJSProject\apprizmovil\api.js:46:11)
    at Module._compile (module.js:456:26)
    at Object.Module._extensions..js (module.js:474:10)
    at Module.load (module.js:356:32)
    at Function.Module._load (module.js:312:12)
    at Function.Module.runMain (module.js:497:10)
    at startup (node.js:119:16)
    at node.js:901:3

fs.js:427
  return binding.open(pathModule._makeLong(path), stringToFlags(flags), mode);
                 ^
Error: ENOENT, no such file or directory 'C:\WINDOWS\system32\Certs\server.key'
    at Object.fs.openSync (fs.js:427:18)
    at Object.fs.readFileSync (fs.js:284:15)
    at Object.<anonymous> (C:\NodeJSProject\apprizmovil\api.js:46:11)
    at Module._compile (module.js:456:26)
    at Object.Module._extensions..js (module.js:474:10)
    at Module.load (module.js:356:32)
    at Function.Module._load (module.js:312:12)
    at Function.Module.runMain (module.js:497:10)
    at startup (node.js:119:16)
    at node.js:901:3

fs.js:427
  return binding.open(pathModule._makeLong(path), stringToFlags(flags), mode);
                 ^
Error: ENOENT, no such file or directory 'C:\WINDOWS\system32\Certs\server.key'
    at Object.fs.openSync (fs.js:427:18)
    at Object.fs.readFileSync (fs.js:284:15)
    at Object.<anonymous> (C:\NodeJSProject\apprizmovil\api.js:46:11)
    at Module._compile (module.js:456:26)
    at Object.Module._extensions..js (module.js:474:10)
    at Module.load (module.js:356:32)
    at Function.Module._load (module.js:312:12)
    at Function.Module.runMain (module.js:497:10)
    at startup (node.js:119:16)
    at node.js:901:3

fs.js:427
  return binding.open(pathModule._makeLong(path), stringToFlags(flags), mode);
                 ^
Error: ENOENT, no such file or directory 'C:\WINDOWS\system32\Certs\server.key'
    at Object.fs.openSync (fs.js:427:18)
    at Object.fs.readFileSync (fs.js:284:15)
    at Object.<anonymous> (C:\NodeJSProject\apprizmovil\api.js:46:11)
    at Module._compile (module.js:456:26)
    at Object.Module._extensions..js (module.js:474:10)
    at Module.load (module.js:356:32)
    at Function.Module._load (module.js:312:12)
    at Function.Module.runMain (module.js:497:10)
    at startup (node.js:119:16)
    at node.js:901:3

fs.js:427
  return binding.open(pathModule._makeLong(path), stringToFlags(flags), mode);
                 ^
Error: ENOENT, no such file or directory 'C:\WINDOWS\system32\Certs\server.key'
    at Object.fs.openSync (fs.js:427:18)
    at Object.fs.readFileSync (fs.js:284:15)
    at Object.<anonymous> (C:\NodeJSProject\apprizmovil\api.js:46:11)
    at Module._compile (module.js:456:26)
    at Object.Module._extensions..js (module.js:474:10)
    at Module.load (module.js:356:32)
    at Function.Module._load (module.js:312:12)
    at Function.Module.runMain (module.js:497:10)
    at startup (node.js:119:16)
    at node.js:901:3

fs.js:427
  return binding.open(pathModule._makeLong(path), stringToFlags(flags), mode);
                 ^
Error: ENOENT, no such file or directory 'C:\WINDOWS\system32\Certs\server.key'
    at Object.fs.openSync (fs.js:427:18)
    at Object.fs.readFileSync (fs.js:284:15)
    at Object.<anonymous> (C:\NodeJSProject\apprizmovil\api.js:46:11)
    at Module._compile (module.js:456:26)
    at Object.Module._extensions..js (module.js:474:10)
    at Module.load (module.js:356:32)
    at Function.Module._load (module.js:312:12)
    at Function.Module.runMain (module.js:497:10)
    at startup (node.js:119:16)
    at node.js:901:3

fs.js:427
  return binding.open(pathModule._makeLong(path), stringToFlags(flags), mode);
                 ^
Error: ENOENT, no such file or directory 'C:\WINDOWS\system32\Certs\server.key'
    at Object.fs.openSync (fs.js:427:18)
    at Object.fs.readFileSync (fs.js:284:15)
    at Object.<anonymous> (C:\NodeJSProject\apprizmovil\api.js:46:11)
    at Module._compile (module.js:456:26)
    at Object.Module._extensions..js (module.js:474:10)
    at Module.load (module.js:356:32)
    at Function.Module._load (module.js:312:12)
    at Function.Module.runMain (module.js:497:10)
    at startup (node.js:119:16)
    at node.js:901:3

fs.js:427
  return binding.open(pathModule._makeLong(path), stringToFlags(flags), mode);
                 ^
Error: ENOENT, no such file or directory 'C:\WINDOWS\system32\Certs\server.key'
    at Object.fs.openSync (fs.js:427:18)
    at Object.fs.readFileSync (fs.js:284:15)
    at Object.<anonymous> (C:\NodeJSProject\apprizmovil\api.js:46:11)
    at Module._compile (module.js:456:26)
    at Object.Module._extensions..js (module.js:474:10)
    at Module.load (module.js:356:32)
    at Function.Module._load (module.js:312:12)
    at Function.Module.runMain (module.js:497:10)
    at startup (node.js:119:16)
    at node.js:901:3

fs.js:427
  return binding.open(pathModule._makeLong(path), stringToFlags(flags), mode);
                 ^
Error: ENOENT, no such file or directory 'C:\WINDOWS\system32\Certs\server.key'
    at Object.fs.openSync (fs.js:427:18)
    at Object.fs.readFileSync (fs.js:284:15)
    at Object.<anonymous> (C:\NodeJSProject\apprizmovil\api.js:46:11)
    at Module._compile (module.js:456:26)
    at Object.Module._extensions..js (module.js:474:10)
    at Module.load (module.js:356:32)
    at Function.Module._load (module.js:312:12)
    at Function.Module.runMain (module.js:497:10)
    at startup (node.js:119:16)
    at node.js:901:3

fs.js:427
  return binding.open(pathModule._makeLong(path), stringToFlags(flags), mode);
                 ^
Error: ENOENT, no such file or directory 'C:\WINDOWS\system32\Certs\server.key'
    at Object.fs.openSync (fs.js:427:18)
    at Object.fs.readFileSync (fs.js:284:15)
    at Object.<anonymous> (C:\NodeJSProject\apprizmovil\api.js:46:11)
    at Module._compile (module.js:456:26)
    at Object.Module._extensions..js (module.js:474:10)
    at Module.load (module.js:356:32)
    at Function.Module._load (module.js:312:12)
    at Function.Module.runMain (module.js:497:10)
    at startup (node.js:119:16)
    at node.js:901:3

fs.js:427
  return binding.open(pathModule._makeLong(path), stringToFlags(flags), mode);
                 ^
Error: ENOENT, no such file or directory 'C:\WINDOWS\system32\Certs\server.key'
    at Object.fs.openSync (fs.js:427:18)
    at Object.fs.readFileSync (fs.js:284:15)
    at Object.<anonymous> (C:\NodeJSProject\apprizmovil\api.js:46:11)
    at Module._compile (module.js:456:26)
    at Object.Module._extensions..js (module.js:474:10)
    at Module.load (module.js:356:32)
    at Function.Module._load (module.js:312:12)
    at Function.Module.runMain (module.js:497:10)
    at startup (node.js:119:16)
    at node.js:901:3

fs.js:427
  return binding.open(pathModule._makeLong(path), stringToFlags(flags), mode);
                 ^
Error: ENOENT, no such file or directory 'C:\WINDOWS\system32\Certs\server.key'
    at Object.fs.openSync (fs.js:427:18)
    at Object.fs.readFileSync (fs.js:284:15)
    at Object.<anonymous> (C:\NodeJSProject\apprizmovil\api.js:46:11)
    at Module._compile (module.js:456:26)
    at Object.Module._extensions..js (module.js:474:10)
    at Module.load (module.js:356:32)
    at Function.Module._load (module.js:312:12)
    at Function.Module.runMain (module.js:497:10)
    at startup (node.js:119:16)
    at node.js:901:3
